<?xml version="1.0" encoding="utf-8"?><testsuites name="pytest tests"><testsuite name="pytest" errors="0" failures="0" skipped="0" tests="7" time="14.502" timestamp="2026-06-28T04:32:35.375496+00:00" hostname="agent-env-35e105d4-b2ec-4b39-bc8d-4683fdfc795c"><testcase classname="tests.test_ocr_invoice" name="test_parse_invoice_requires_auth" time="0.278" /><testcase classname="tests.test_ocr_invoice" name="test_parse_invoice_rejects_unsupported_file_type" time="1.548" /><testcase classname="tests.test_ocr_invoice" name="test_parse_invoice_valid_image_returns_fields" time="7.239" /><testcase classname="tests.test_ocr_invoice" name="test_parse_invoice_customer_match_optional" time="4.496" /><testcase classname="tests.test_ocr_invoice" name="test_login_demo_user" time="0.299" /><testcase classname="tests.test_ocr_invoice" name="test_dashboard_summary" time="0.063" /><testcase classname="tests.test_ocr_invoice" name="test_invoices_list" time="0.067" /></testsuite></testsuites>